This is pdfTeX, Version 3.14159265-2.6-1.40.17 (TeX Live 2016/Debian) (preloaded format=latex 2017.10.9)  13 OCT 2017 16:15
entering extended mode
 restricted \write18 enabled.
 %&-line parsing enabled.
**relatório.tex
(./relatório.tex
LaTeX2e <2017/01/01> patch level 3
Babel <3.9r> and hyphenation patterns for 3 language(s) loaded.
(/usr/share/texlive/texmf-dist/tex/latex/base/report.cls
Document Class: report 2014/09/29 v1.4h Standard LaTeX document class
(/usr/share/texlive/texmf-dist/tex/latex/base/size10.clo
File: size10.clo 2014/09/29 v1.4h Standard LaTeX file (size option)
)
\c@part=\count79
\c@chapter=\count80
\c@section=\count81
\c@subsection=\count82
\c@subsubsection=\count83
\c@paragraph=\count84
\c@subparagraph=\count85
\c@figure=\count86
\c@table=\count87
\abovecaptionskip=\skip41
\belowcaptionskip=\skip42
\bibindent=\dimen102
)
(/usr/share/texlive/texmf-dist/tex/generic/babel/babel.sty
Package: babel 2016/04/23 3.9r The Babel package


! Package babel Error: Unknown option `portuges'. Either you misspelled it
(babel)                or the language definition file portuges.ldf was not fou
nd.

See the babel package documentation for explanation.
Type  H <return>  for immediate help.
 ...                                              
                                                  
l.310 \ProcessOptions*
                      
? 
! Interruption.
\GenericError  ...                                
                                                  \endgroup 
l.310 \ProcessOptions*
                      
? x
 
Here is how much of TeX's memory you used:
 303 strings out of 494946
 3480 string characters out of 6181058
 50666 words of memory out of 5000000
 3683 multiletter control sequences out of 15000+600000
 3640 words of font info for 14 fonts, out of 8000000 for 9000
 14 hyphenation exceptions out of 8191
 23i,0n,17p,146b,36s stack positions out of 5000i,500n,10000p,200000b,80000s
No pages of output.
